TN:
SF:src\app\di\iocContainer.ts
FNF:0
FNH:0
DA:1,1
DA:2,1
DA:3,1
DA:4,1
DA:5,1
DA:6,1
DA:7,1
DA:8,1
DA:9,1
DA:10,1
DA:11,1
DA:12,1
DA:13,1
DA:14,1
DA:15,1
DA:16,1
DA:17,1
DA:18,1
DA:19,1
DA:20,1
DA:21,1
DA:22,1
DA:23,1
DA:24,1
DA:25,1
DA:26,1
DA:27,1
DA:28,1
DA:29,1
DA:30,1
DA:31,1
DA:32,1
DA:33,1
DA:34,1
DA:35,1
DA:36,1
DA:37,1
DA:38,1
DA:39,1
DA:40,1
DA:41,1
DA:42,1
DA:43,1
DA:44,1
DA:45,1
DA:46,1
DA:47,1
DA:48,1
DA:49,1
DA:50,1
DA:51,1
DA:52,1
DA:53,1
DA:54,1
DA:55,1
DA:56,1
DA:57,1
DA:58,1
DA:59,1
DA:60,1
DA:61,1
DA:62,1
DA:63,1
DA:64,1
DA:65,1
DA:66,1
DA:67,1
DA:68,1
DA:69,1
DA:70,1
DA:71,1
DA:72,1
DA:73,1
DA:74,1
DA:75,1
DA:76,1
DA:77,1
DA:78,1
DA:79,1
DA:80,1
DA:81,1
DA:82,1
DA:83,1
DA:84,1
DA:85,1
DA:86,1
DA:87,1
DA:88,1
DA:89,1
DA:90,1
DA:91,1
DA:92,1
DA:93,1
DA:94,1
DA:95,1
DA:96,1
DA:97,1
DA:98,1
DA:99,1
DA:100,1
DA:101,1
DA:102,1
DA:103,1
DA:104,1
DA:105,1
DA:106,1
DA:107,1
DA:108,1
DA:109,1
DA:110,1
DA:111,1
DA:112,1
LF:112
LH:112
BRDA:53,0,0,0
BRF:1
BRH:0
end_of_record
TN:
SF:src\app\handlers\people\createPeople.ts
FN:6,handler
FNF:1
FNH:1
FNDA:2,handler
DA:1,1
DA:2,1
DA:3,1
DA:4,1
DA:5,1
DA:6,1
DA:7,2
DA:8,2
DA:9,1
DA:10,1
DA:11,1
DA:12,1
DA:13,1
DA:14,1
DA:15,1
DA:16,1
DA:17,1
DA:18,1
DA:19,1
DA:20,1
DA:21,1
DA:22,1
DA:23,1
DA:24,1
DA:25,1
DA:26,1
DA:27,2
DA:28,0
DA:29,0
DA:30,0
DA:31,0
DA:32,0
DA:33,0
DA:34,0
DA:35,0
DA:36,2
LF:36
LH:28
BRDA:6,0,0,2
BRDA:6,1,0,2
BRDA:8,2,0,1
BRDA:27,3,0,0
BRF:4
BRH:3
end_of_record
TN:
SF:src\app\handlers\people\getPeople.ts
FN:6,handler
FNF:1
FNH:1
FNDA:2,handler
DA:1,1
DA:2,1
DA:3,1
DA:4,1
DA:5,1
DA:6,1
DA:7,2
DA:8,2
DA:9,2
DA:10,1
DA:11,1
DA:12,1
DA:13,1
DA:14,1
DA:15,1
DA:16,1
DA:17,1
DA:18,1
DA:19,1
DA:20,1
DA:21,1
DA:22,1
DA:23,1
DA:24,2
LF:24
LH:24
BRDA:6,0,0,2
BRDA:6,1,0,2
BRDA:10,2,0,1
BRDA:20,3,0,0
BRF:4
BRH:3
end_of_record
TN:
SF:src\app\handlers\people\getPeopleSWApi.ts
FN:5,handler
FNF:1
FNH:1
FNDA:3,handler
DA:1,1
DA:2,1
DA:3,1
DA:4,1
DA:5,1
DA:6,3
DA:7,3
DA:8,3
DA:9,3
DA:10,3
DA:11,3
DA:12,1
DA:13,1
DA:14,1
DA:15,1
DA:16,1
DA:17,3
DA:18,1
DA:19,1
DA:20,1
DA:21,1
DA:22,1
DA:23,1
DA:24,1
DA:25,1
DA:26,1
DA:27,1
DA:28,1
DA:29,1
DA:30,1
DA:31,3
LF:31
LH:31
BRDA:5,0,0,3
BRDA:5,1,0,3
BRDA:9,2,0,2
BRDA:9,3,0,1
BRDA:9,4,0,2
BRDA:11,5,0,1
BRDA:17,6,0,2
BRDA:17,7,0,1
BRDA:27,8,0,0
BRF:9
BRH:8
end_of_record
TN:
SF:src\app\handlers\planets\createPlanet.ts
FN:6,handler
FNF:1
FNH:1
FNDA:3,handler
DA:1,1
DA:2,1
DA:3,1
DA:4,1
DA:5,1
DA:6,1
DA:7,3
DA:8,3
DA:9,1
DA:10,1
DA:11,1
DA:12,1
DA:13,1
DA:14,2
DA:15,2
DA:16,2
DA:17,2
DA:18,2
DA:19,1
DA:20,1
DA:21,1
DA:22,1
DA:23,1
DA:24,1
DA:25,1
DA:26,1
DA:27,1
DA:28,1
DA:29,1
DA:30,1
DA:31,1
DA:32,1
DA:33,1
DA:34,1
DA:35,1
DA:36,3
LF:36
LH:36
BRDA:6,0,0,3
BRDA:6,1,0,3
BRDA:8,2,0,1
BRDA:14,3,0,2
BRDA:19,4,0,1
BRDA:32,5,0,0
BRF:6
BRH:5
end_of_record
TN:
SF:src\app\handlers\planets\getPlanets.ts
FN:6,handler
FNF:1
FNH:1
FNDA:2,handler
DA:1,1
DA:2,1
DA:3,1
DA:4,1
DA:5,1
DA:6,1
DA:7,2
DA:8,2
DA:9,2
DA:10,2
DA:11,1
DA:12,1
DA:13,2
DA:14,1
DA:15,1
DA:16,1
DA:17,1
DA:18,1
DA:19,1
DA:20,1
DA:21,1
DA:22,1
DA:23,1
DA:24,1
DA:25,1
DA:26,1
DA:27,1
DA:28,1
DA:29,2
LF:29
LH:29
BRDA:6,0,0,2
BRDA:6,1,0,2
BRDA:11,2,0,1
BRDA:25,3,0,0
BRDA:12,4,0,2
BRF:5
BRH:4
end_of_record
TN:
SF:src\app\handlers\planets\getPlanetsSWApi.ts
FN:5,handler
FNF:1
FNH:1
FNDA:3,handler
DA:1,1
DA:2,1
DA:3,1
DA:4,1
DA:5,1
DA:6,3
DA:7,3
DA:8,3
DA:9,3
DA:10,3
DA:11,3
DA:12,1
DA:13,1
DA:14,1
DA:15,1
DA:16,1
DA:17,2
DA:18,1
DA:19,1
DA:20,1
DA:21,1
DA:22,1
DA:23,1
DA:24,1
DA:25,1
DA:26,1
DA:27,1
DA:28,1
DA:29,1
DA:30,1
DA:31,1
DA:32,3
LF:32
LH:32
BRDA:5,0,0,3
BRDA:5,1,0,3
BRDA:9,2,0,2
BRDA:9,3,0,1
BRDA:9,4,0,2
BRDA:11,5,0,1
BRDA:17,6,0,2
BRDA:18,7,0,1
BRDA:28,8,0,0
BRF:9
BRH:8
end_of_record
TN:
SF:src\contexts\people\application\commands\CreatePeopleCommand.ts
FN:5,CreatePeopleCommand
FN:7,validate
FNF:2
FNH:0
FNDA:0,CreatePeopleCommand
FNDA:0,validate
DA:1,1
DA:2,1
DA:3,1
DA:4,1
DA:5,1
DA:6,1
DA:7,1
DA:8,0
DA:9,0
DA:10,0
DA:11,0
DA:12,1
LF:12
LH:8
BRF:0
BRH:0
end_of_record
TN:
SF:src\contexts\people\application\commands\CreatePeopleCommandHandler.ts
FN:11,_classThis
FN:15,handle
FNF:2
FNH:1
FNDA:1,_classThis
FNDA:0,handle
DA:1,1
DA:2,1
DA:3,1
DA:4,1
DA:5,1
DA:6,1
DA:7,1
DA:8,1
DA:9,1
DA:10,1
DA:11,1
DA:12,1
DA:13,1
DA:14,1
DA:15,1
DA:16,0
DA:17,0
DA:18,0
DA:19,0
DA:20,0
DA:21,0
DA:22,0
DA:23,0
DA:24,0
DA:25,0
DA:26,0
DA:27,0
DA:28,0
DA:29,0
DA:30,0
DA:31,0
DA:32,0
DA:33,0
DA:34,0
DA:35,0
DA:36,0
DA:37,0
DA:38,0
DA:39,0
DA:40,0
DA:41,0
DA:42,0
DA:43,0
DA:44,0
DA:45,0
DA:46,0
DA:47,0
DA:48,0
DA:49,0
DA:50,0
DA:51,0
DA:52,0
DA:53,0
DA:54,0
DA:55,0
DA:56,1
LF:56
LH:16
BRDA:11,0,0,1
BRF:1
BRH:1
end_of_record
TN:
SF:src\contexts\people\application\dtos\People.ts
FN:17,People
FNF:1
FNH:1
FNDA:4,People
DA:1,1
DA:2,1
DA:3,1
DA:4,1
DA:5,1
DA:6,1
DA:7,1
DA:8,1
DA:9,1
DA:10,1
DA:11,1
DA:12,1
DA:13,1
DA:14,1
DA:15,1
DA:16,1
DA:17,1
DA:18,4
DA:19,4
DA:20,4
DA:21,4
DA:22,4
DA:23,4
DA:24,4
DA:25,4
DA:26,4
DA:27,4
DA:28,4
DA:29,4
DA:30,4
DA:31,4
DA:32,4
DA:33,4
DA:34,4
DA:35,4
DA:36,4
DA:37,4
DA:38,4
DA:39,4
DA:40,4
DA:41,4
DA:42,4
DA:43,4
DA:44,1
LF:44
LH:44
BRDA:17,0,0,4
BRF:1
BRH:1
end_of_record
TN:
SF:src\contexts\people\application\dtos\PeopleData.ts
FN:16,PeopleData
FNF:1
FNH:1
FNDA:1,PeopleData
DA:1,1
DA:2,1
DA:3,1
DA:4,1
DA:5,1
DA:6,1
DA:7,1
DA:8,1
DA:9,1
DA:10,1
DA:11,1
DA:12,1
DA:13,1
DA:14,1
DA:15,1
DA:16,1
DA:17,1
DA:18,1
DA:19,1
DA:20,1
DA:21,1
DA:22,1
DA:23,1
DA:24,1
DA:25,1
DA:26,1
DA:27,1
DA:28,1
DA:29,1
DA:30,1
DA:31,1
DA:32,1
DA:33,1
DA:34,1
DA:35,1
DA:36,1
DA:37,1
DA:38,1
DA:39,1
DA:40,1
DA:41,1
DA:42,1
DA:43,1
LF:43
LH:43
BRDA:16,0,0,1
BRF:1
BRH:1
end_of_record
TN:
SF:src\contexts\people\application\dtos\PeopleDataEnglishApp.ts
FN:17,PeopleDataEnglishApp
FNF:1
FNH:0
FNDA:0,PeopleDataEnglishApp
DA:1,1
DA:2,1
DA:3,1
DA:4,1
DA:5,1
DA:6,1
DA:7,1
DA:8,1
DA:9,1
DA:10,1
DA:11,1
DA:12,1
DA:13,1
DA:14,1
DA:15,1
DA:16,1
DA:17,1
DA:18,0
DA:19,0
DA:20,0
DA:21,0
DA:22,0
DA:23,0
DA:24,0
DA:25,0
DA:26,0
DA:27,0
DA:28,0
DA:29,0
DA:30,0
DA:31,0
DA:32,0
DA:33,0
DA:34,0
DA:35,0
DA:36,0
DA:37,0
DA:38,0
DA:39,0
DA:40,0
DA:41,0
DA:42,0
DA:43,0
DA:44,1
LF:44
LH:18
BRF:0
BRH:0
end_of_record
TN:
SF:src\contexts\people\application\dtos\PeopleDataSpanishApp.ts
FN:16,PeopleDataSpanishApp
FNF:1
FNH:1
FNDA:4,PeopleDataSpanishApp
DA:1,1
DA:2,1
DA:3,1
DA:4,1
DA:5,1
DA:6,1
DA:7,1
DA:8,1
DA:9,1
DA:10,1
DA:11,1
DA:12,1
DA:13,1
DA:14,1
DA:15,1
DA:16,1
DA:17,4
DA:18,4
DA:19,4
DA:20,4
DA:21,4
DA:22,4
DA:23,4
DA:24,4
DA:25,4
DA:26,4
DA:27,4
DA:28,4
DA:29,4
DA:30,4
DA:31,4
DA:32,4
DA:33,4
DA:34,4
DA:35,4
DA:36,4
DA:37,4
DA:38,4
DA:39,4
DA:40,4
DA:41,4
DA:42,4
DA:43,1
LF:43
LH:43
BRDA:16,0,0,4
BRF:1
BRH:1
end_of_record
TN:
SF:src\contexts\people\application\queries\GetPeopleQueryHandler.ts
FN:9,_classThis
FN:13,execute
FNF:2
FNH:1
FNDA:1,_classThis
FNDA:0,execute
DA:1,1
DA:2,1
DA:3,1
DA:4,1
DA:5,1
DA:6,1
DA:7,1
DA:8,1
DA:9,1
DA:10,1
DA:11,1
DA:12,1
DA:13,1
DA:14,0
DA:15,0
DA:16,0
DA:17,0
DA:18,0
DA:19,0
DA:20,0
DA:21,0
DA:22,1
LF:22
LH:14
BRDA:9,0,0,1
BRF:1
BRH:1
end_of_record
TN:
SF:src\contexts\people\application\queries\PeopleQueryValues.ts
FN:2,PeopleQueryValues
FNF:1
FNH:0
FNDA:0,PeopleQueryValues
DA:1,1
DA:2,1
DA:3,1
LF:3
LH:3
BRF:0
BRH:0
end_of_record
TN:
SF:src\contexts\people\application\queries\RetrievePeopleQueryHandler.ts
FN:10,_classThis
FN:14,execute
FNF:2
FNH:1
FNDA:1,_classThis
FNDA:0,execute
DA:1,1
DA:2,1
DA:3,1
DA:4,1
DA:5,1
DA:6,1
DA:7,1
DA:8,1
DA:9,1
DA:10,1
DA:11,1
DA:12,1
DA:13,1
DA:14,1
DA:15,0
DA:16,0
DA:17,0
DA:18,1
LF:18
LH:15
BRDA:10,0,0,1
BRF:1
BRH:1
end_of_record
TN:
SF:src\contexts\people\application\services\PeopleRegistryService.ts
FN:12,_classThis
FN:18,createPeople
FN:22,listPeople
FN:26,getPeopleFromApi
FNF:4
FNH:4
FNDA:4,_classThis
FNDA:1,createPeople
FNDA:1,listPeople
FNDA:1,getPeopleFromApi
DA:1,1
DA:2,1
DA:3,1
DA:4,1
DA:5,1
DA:6,1
DA:7,1
DA:8,1
DA:9,1
DA:10,1
DA:11,1
DA:12,1
DA:13,4
DA:14,4
DA:15,4
DA:16,4
DA:17,1
DA:18,1
DA:19,1
DA:20,1
DA:21,1
DA:22,1
DA:23,1
DA:24,1
DA:25,1
DA:26,1
DA:27,1
DA:28,1
DA:29,1
DA:30,1
LF:30
LH:30
BRDA:12,0,0,4
BRDA:18,1,0,1
BRDA:22,2,0,1
BRDA:26,3,0,1
BRF:4
BRH:4
end_of_record
TN:
SF:src\contexts\people\application\usecases\PlanetCreationUseCase.ts
FN:15,_classThis
FN:19,createPeople
FNF:2
FNH:1
FNDA:1,_classThis
FNDA:0,createPeople
DA:1,1
DA:2,1
DA:3,1
DA:4,1
DA:5,1
DA:6,1
DA:7,1
DA:8,1
DA:9,1
DA:10,1
DA:11,1
DA:12,1
DA:13,1
DA:14,1
DA:15,1
DA:16,1
DA:17,1
DA:18,1
DA:19,1
DA:20,0
DA:21,0
DA:22,0
DA:23,0
DA:24,0
DA:25,0
DA:26,0
DA:27,0
DA:28,0
DA:29,1
LF:29
LH:20
BRDA:15,0,0,1
BRF:1
BRH:1
end_of_record
TN:
SF:src\contexts\people\application\usecases\RetrievePlanetFromApiUseCase.ts
FN:10,_classThis
FN:14,execute
FNF:2
FNH:1
FNDA:1,_classThis
FNDA:0,execute
DA:1,1
DA:2,1
DA:3,1
DA:4,1
DA:5,1
DA:6,1
DA:7,1
DA:8,1
DA:9,1
DA:10,1
DA:11,1
DA:12,1
DA:13,1
DA:14,1
DA:15,0
DA:16,0
DA:17,0
DA:18,0
DA:19,0
DA:20,0
DA:21,0
DA:22,0
DA:23,0
DA:24,0
DA:25,0
DA:26,0
DA:27,0
DA:28,0
DA:29,0
DA:30,0
DA:31,0
DA:32,0
DA:33,0
DA:34,0
DA:35,0
DA:36,0
DA:37,0
DA:38,0
DA:39,0
DA:40,0
DA:41,0
DA:42,0
DA:43,1
LF:43
LH:15
BRDA:10,0,0,1
BRF:1
BRH:1
end_of_record
TN:
SF:src\contexts\people\application\usecases\RetrievePlanetsUseCase.ts
FN:10,_classThis
FN:14,execute
FNF:2
FNH:1
FNDA:1,_classThis
FNDA:0,execute
DA:1,1
DA:2,1
DA:3,1
DA:4,1
DA:5,1
DA:6,1
DA:7,1
DA:8,1
DA:9,1
DA:10,1
DA:11,1
DA:12,1
DA:13,1
DA:14,1
DA:15,0
DA:16,0
DA:17,0
DA:18,1
LF:18
LH:15
BRDA:10,0,0,1
BRF:1
BRH:1
end_of_record
TN:
SF:src\contexts\people\infraestructure\api\externalServices\PeopleApiClient.ts
FN:10,_classThis
FN:14,get
FNF:2
FNH:1
FNDA:1,_classThis
FNDA:0,get
DA:1,1
DA:2,1
DA:3,1
DA:4,1
DA:5,1
DA:6,1
DA:7,1
DA:8,1
DA:9,1
DA:10,1
DA:11,1
DA:12,1
DA:13,1
DA:14,1
DA:15,0
DA:16,0
DA:17,0
DA:18,0
DA:19,0
DA:20,0
DA:21,0
DA:22,0
DA:23,0
DA:24,0
DA:25,0
DA:26,0
DA:27,0
DA:28,0
DA:29,0
DA:30,0
DA:31,0
DA:32,0
DA:33,0
DA:34,0
DA:35,0
DA:36,0
DA:37,0
DA:38,0
DA:39,0
DA:40,0
DA:41,0
DA:42,0
DA:43,1
LF:43
LH:15
BRDA:10,0,0,1
BRF:1
BRH:1
end_of_record
TN:
SF:src\contexts\people\infraestructure\repositories\PlanetRepository.ts
FN:10,PeopleRepository
FN:14,save
FN:34,findById
FN:46,findAll
FNF:4
FNH:1
FNDA:1,PeopleRepository
FNDA:0,save
FNDA:0,findById
FNDA:0,findAll
DA:1,1
DA:2,1
DA:3,1
DA:4,1
DA:5,1
DA:6,1
DA:7,1
DA:8,1
DA:9,1
DA:10,1
DA:11,1
DA:12,1
DA:13,1
DA:14,1
DA:15,0
DA:16,0
DA:17,0
DA:18,0
DA:19,0
DA:20,0
DA:21,0
DA:22,0
DA:23,0
DA:24,0
DA:25,0
DA:26,0
DA:27,0
DA:28,0
DA:29,0
DA:30,0
DA:31,0
DA:32,0
DA:33,1
DA:34,1
DA:35,0
DA:36,0
DA:37,0
DA:38,0
DA:39,0
DA:40,0
DA:41,0
DA:42,0
DA:43,0
DA:44,0
DA:45,1
DA:46,1
DA:47,0
DA:48,0
DA:49,0
DA:50,1
LF:50
LH:19
BRDA:10,0,0,1
BRF:1
BRH:1
end_of_record
TN:
SF:src\contexts\planets\application\commands\CreatePlanetCommand.ts
FN:5,CreatePlanetCommand
FN:7,validate
FNF:2
FNH:1
FNDA:2,CreatePlanetCommand
FNDA:0,validate
DA:1,1
DA:2,1
DA:3,1
DA:4,1
DA:5,1
DA:6,1
DA:7,1
DA:8,0
DA:9,0
DA:10,0
DA:11,0
DA:12,1
LF:12
LH:8
BRDA:5,0,0,2
BRF:1
BRH:1
end_of_record
TN:
SF:src\contexts\planets\application\commands\CreatePlanetCommandHandler.ts
FN:11,_classThis
FN:15,handle
FNF:2
FNH:0
FNDA:0,_classThis
FNDA:0,handle
DA:1,1
DA:2,1
DA:3,1
DA:4,1
DA:5,1
DA:6,1
DA:7,1
DA:8,1
DA:9,1
DA:10,1
DA:11,1
DA:12,0
DA:13,0
DA:14,1
DA:15,1
DA:16,0
DA:17,0
DA:18,0
DA:19,0
DA:20,0
DA:21,0
DA:22,0
DA:23,0
DA:24,0
DA:25,0
DA:26,0
DA:27,0
DA:28,0
DA:29,0
DA:30,0
DA:31,0
DA:32,0
DA:33,0
DA:34,0
DA:35,0
DA:36,0
DA:37,0
DA:38,0
DA:39,0
DA:40,0
DA:41,0
DA:42,0
DA:43,0
DA:44,1
LF:44
LH:14
BRF:0
BRH:0
end_of_record
TN:
SF:src\contexts\planets\application\dtos\Planet.ts
FN:13,Planet
FNF:1
FNH:1
FNDA:13,Planet
DA:1,1
DA:2,1
DA:3,1
DA:4,1
DA:5,1
DA:6,1
DA:7,1
DA:8,1
DA:9,1
DA:10,1
DA:11,1
DA:12,1
DA:13,1
DA:14,13
DA:15,13
DA:16,13
DA:17,13
DA:18,13
DA:19,13
DA:20,13
DA:21,13
DA:22,13
DA:23,13
DA:24,13
DA:25,13
DA:26,13
DA:27,13
DA:28,13
DA:29,13
DA:30,13
DA:31,13
DA:32,13
DA:33,13
DA:34,1
LF:34
LH:34
BRDA:13,0,0,13
BRF:1
BRH:1
end_of_record
TN:
SF:src\contexts\planets\application\dtos\PlanetDataEnglishApp.ts
FN:12,PlanetDataEnglishApp
FNF:1
FNH:1
FNDA:1,PlanetDataEnglishApp
DA:1,1
DA:2,1
DA:3,1
DA:4,1
DA:5,1
DA:6,1
DA:7,1
DA:8,1
DA:9,1
DA:10,1
DA:11,1
DA:12,1
DA:13,1
DA:14,1
DA:15,1
DA:16,1
DA:17,1
DA:18,1
DA:19,1
DA:20,1
DA:21,1
DA:22,1
DA:23,1
DA:24,1
DA:25,1
DA:26,1
DA:27,1
DA:28,1
DA:29,1
DA:30,1
DA:31,1
DA:32,1
DA:33,1
LF:33
LH:33
BRDA:12,0,0,1
BRDA:24,1,0,0
BRDA:25,2,0,0
BRDA:26,3,0,0
BRDA:30,4,0,0
BRDA:31,5,0,0
BRF:6
BRH:1
end_of_record
TN:
SF:src\contexts\planets\application\dtos\PlanetDataSpanishApp.ts
FN:12,PlanetDataSpanishApp
FNF:1
FNH:1
FNDA:6,PlanetDataSpanishApp
DA:1,1
DA:2,1
DA:3,1
DA:4,1
DA:5,1
DA:6,1
DA:7,1
DA:8,1
DA:9,1
DA:10,1
DA:11,1
DA:12,1
DA:13,6
DA:14,6
DA:15,6
DA:16,6
DA:17,6
DA:18,6
DA:19,6
DA:20,6
DA:21,6
DA:22,6
DA:23,6
DA:24,6
DA:25,6
DA:26,6
DA:27,6
DA:28,6
DA:29,6
DA:30,6
DA:31,6
DA:32,6
DA:33,1
LF:33
LH:33
BRDA:12,0,0,6
BRDA:24,1,0,0
BRDA:25,2,0,0
BRDA:26,3,0,0
BRDA:30,4,0,0
BRDA:31,5,0,0
BRF:6
BRH:1
end_of_record
TN:
SF:src\contexts\planets\application\queries\GetPlanetQueryHandler.ts
FN:10,_classThis
FN:14,execute
FNF:2
FNH:1
FNDA:1,_classThis
FNDA:0,execute
DA:1,1
DA:2,1
DA:3,1
DA:4,1
DA:5,1
DA:6,1
DA:7,1
DA:8,1
DA:9,1
DA:10,1
DA:11,1
DA:12,1
DA:13,1
DA:14,1
DA:15,0
DA:16,0
DA:17,0
DA:18,0
DA:19,0
DA:20,0
DA:21,0
DA:22,0
DA:23,0
DA:24,0
DA:25,0
DA:26,1
LF:26
LH:15
BRDA:10,0,0,1
BRF:1
BRH:1
end_of_record
TN:
SF:src\contexts\planets\application\queries\PlanetQueryValues.ts
FN:2,PlanetQueryValues
FNF:1
FNH:1
FNDA:2,PlanetQueryValues
DA:1,1
DA:2,1
DA:3,1
LF:3
LH:3
BRDA:2,0,0,2
BRF:1
BRH:1
end_of_record
TN:
SF:src\contexts\planets\application\queries\RetrievePlanetsQueryHandler.ts
FN:11,_classThis
FN:15,execute
FNF:2
FNH:1
FNDA:1,_classThis
FNDA:0,execute
DA:1,1
DA:2,1
DA:3,1
DA:4,1
DA:5,1
DA:6,1
DA:7,1
DA:8,1
DA:9,1
DA:10,1
DA:11,1
DA:12,1
DA:13,1
DA:14,1
DA:15,1
DA:16,0
DA:17,0
DA:18,0
DA:19,1
LF:19
LH:16
BRDA:11,0,0,1
BRF:1
BRH:1
end_of_record
TN:
SF:src\contexts\planets\application\services\PlanetRegistryService.ts
FN:11,_classThis
FN:17,createPlanet
FN:21,listPlanets
FN:25,getPlanetsFromApi
FNF:4
FNH:4
FNDA:4,_classThis
FNDA:1,createPlanet
FNDA:1,listPlanets
FNDA:1,getPlanetsFromApi
DA:1,1
DA:2,1
DA:3,1
DA:4,1
DA:5,1
DA:6,1
DA:7,1
DA:8,1
DA:9,1
DA:10,1
DA:11,1
DA:12,4
DA:13,4
DA:14,4
DA:15,4
DA:16,1
DA:17,1
DA:18,1
DA:19,1
DA:20,1
DA:21,1
DA:22,1
DA:23,1
DA:24,1
DA:25,1
DA:26,1
DA:27,1
DA:28,1
DA:29,1
LF:29
LH:29
BRDA:11,0,0,4
BRDA:17,1,0,1
BRDA:21,2,0,1
BRDA:25,3,0,1
BRF:4
BRH:4
end_of_record
TN:
SF:src\contexts\planets\application\usecases\PlanetCreationUseCase.ts
FN:15,_classThis
FN:19,createPlanet
FNF:2
FNH:2
FNDA:2,_classThis
FNDA:1,createPlanet
DA:1,1
DA:2,1
DA:3,1
DA:4,1
DA:5,1
DA:6,1
DA:7,1
DA:8,1
DA:9,1
DA:10,1
DA:11,1
DA:12,1
DA:13,1
DA:14,1
DA:15,1
DA:16,2
DA:17,2
DA:18,1
DA:19,1
DA:20,1
DA:21,1
DA:22,1
DA:23,1
DA:24,0
DA:25,0
DA:26,1
DA:27,1
DA:28,1
LF:28
LH:26
BRDA:15,0,0,2
BRDA:19,1,0,1
BRDA:23,2,0,0
BRF:3
BRH:2
end_of_record
TN:
SF:src\contexts\planets\application\usecases\RetrievePlanetFromApiUseCase.ts
FN:10,_classThis
FN:14,execute
FNF:2
FNH:2
FNDA:2,_classThis
FNDA:1,execute
DA:1,1
DA:2,1
DA:3,1
DA:4,1
DA:5,1
DA:6,1
DA:7,1
DA:8,1
DA:9,1
DA:10,1
DA:11,2
DA:12,2
DA:13,1
DA:14,1
DA:15,1
DA:16,1
DA:17,1
DA:18,1
DA:19,1
DA:20,1
DA:21,1
DA:22,1
DA:23,1
DA:24,1
DA:25,1
DA:26,1
DA:27,1
DA:28,1
DA:29,1
DA:30,1
DA:31,0
DA:32,0
DA:33,1
DA:34,1
LF:34
LH:32
BRDA:10,0,0,2
BRDA:14,1,0,1
BRDA:30,2,0,0
BRF:3
BRH:2
end_of_record
TN:
SF:src\contexts\planets\application\usecases\RetrievePlanetsUseCase.ts
FN:10,_classThis
FN:14,execute
FNF:2
FNH:2
FNDA:2,_classThis
FNDA:1,execute
DA:1,1
DA:2,1
DA:3,1
DA:4,1
DA:5,1
DA:6,1
DA:7,1
DA:8,1
DA:9,1
DA:10,1
DA:11,2
DA:12,2
DA:13,1
DA:14,1
DA:15,1
DA:16,1
DA:17,1
DA:18,1
LF:18
LH:18
BRDA:10,0,0,2
BRDA:14,1,0,1
BRF:2
BRH:2
end_of_record
TN:
SF:src\contexts\planets\infraestructure\api\externalServices\PlanetApiClient.ts
FN:10,_classThis
FN:14,getPlanet
FNF:2
FNH:1
FNDA:1,_classThis
FNDA:0,getPlanet
DA:1,1
DA:2,1
DA:3,1
DA:4,1
DA:5,1
DA:6,1
DA:7,1
DA:8,1
DA:9,1
DA:10,1
DA:11,1
DA:12,1
DA:13,1
DA:14,1
DA:15,0
DA:16,0
DA:17,0
DA:18,0
DA:19,0
DA:20,0
DA:21,0
DA:22,0
DA:23,0
DA:24,0
DA:25,0
DA:26,0
DA:27,0
DA:28,0
DA:29,1
LF:29
LH:15
BRDA:10,0,0,1
BRF:1
BRH:1
end_of_record
TN:
SF:src\contexts\planets\infraestructure\repositories\PlanetRepository.ts
FN:10,PlanetRepository
FN:14,save
FN:32,findById
FN:55,findAll
FNF:4
FNH:1
FNDA:1,PlanetRepository
FNDA:0,save
FNDA:0,findById
FNDA:0,findAll
DA:1,1
DA:2,1
DA:3,1
DA:4,1
DA:5,1
DA:6,1
DA:7,1
DA:8,1
DA:9,1
DA:10,1
DA:11,1
DA:12,1
DA:13,1
DA:14,1
DA:15,0
DA:16,0
DA:17,0
DA:18,0
DA:19,0
DA:20,0
DA:21,0
DA:22,0
DA:23,0
DA:24,0
DA:25,0
DA:26,0
DA:27,0
DA:28,0
DA:29,0
DA:30,0
DA:31,1
DA:32,1
DA:33,0
DA:34,0
DA:35,0
DA:36,0
DA:37,0
DA:38,0
DA:39,0
DA:40,0
DA:41,0
DA:42,0
DA:43,0
DA:44,0
DA:45,0
DA:46,0
DA:47,0
DA:48,0
DA:49,0
DA:50,0
DA:51,0
DA:52,0
DA:53,0
DA:54,1
DA:55,1
DA:56,0
DA:57,0
DA:58,0
DA:59,0
DA:60,0
DA:61,0
DA:62,0
DA:63,0
DA:64,0
DA:65,0
DA:66,0
DA:67,0
DA:68,0
DA:69,1
LF:69
LH:19
BRDA:10,0,0,1
BRF:1
BRH:1
end_of_record
TN:
SF:src\tests\app\handlers\planets\data\planetTestData.ts
FNF:0
FNH:0
DA:1,1
DA:2,1
DA:3,1
DA:4,1
DA:5,1
DA:6,1
DA:7,1
DA:8,1
DA:9,1
DA:10,1
DA:11,1
DA:12,1
DA:13,1
DA:14,1
DA:15,1
DA:16,1
DA:17,1
DA:18,1
LF:18
LH:18
BRF:0
BRH:0
end_of_record
TN:
SF:src\tests\app\handlers\planets\mocks\mockPlanetRegistryService.ts
FNF:0
FNH:0
DA:1,1
DA:2,1
DA:3,1
DA:4,1
DA:5,1
DA:6,1
DA:7,1
LF:7
LH:7
BRF:0
BRH:0
end_of_record
TN:
SF:src\tests\app\handlers\planets\utils\testFunctions.ts
FN:8,testCreatePlanetSuccess
FN:19,testCreatePlanetFailure
FNF:2
FNH:2
FNDA:1,testCreatePlanetSuccess
FNDA:1,testCreatePlanetFailure
DA:1,1
DA:2,1
DA:3,1
DA:4,1
DA:5,1
DA:6,1
DA:7,1
DA:8,1
DA:9,1
DA:10,1
DA:11,1
DA:12,1
DA:13,1
DA:14,1
DA:15,1
DA:16,1
DA:17,1
DA:18,1
DA:19,1
DA:20,1
DA:21,1
DA:22,1
DA:23,1
DA:24,1
DA:25,1
DA:26,1
DA:27,1
DA:28,1
LF:28
LH:28
BRDA:8,0,0,1
BRDA:19,1,0,1
BRF:2
BRH:2
end_of_record
TN:
SF:src\tests\app\handlers\planets\utils\testUtils.ts
FN:15,getRemainingTimeInMillis
FN:16,done
FN:17,fail
FN:18,succeed
FN:22,setupMockContainer
FNF:5
FNH:1
FNDA:0,getRemainingTimeInMillis
FNDA:0,done
FNDA:0,fail
FNDA:0,succeed
FNDA:3,setupMockContainer
DA:1,1
DA:2,1
DA:3,1
DA:4,1
DA:5,1
DA:6,1
DA:7,1
DA:8,1
DA:9,1
DA:10,1
DA:11,1
DA:12,1
DA:13,1
DA:14,1
DA:15,1
DA:16,1
DA:17,1
DA:18,1
DA:19,1
DA:20,1
DA:21,1
DA:22,1
DA:23,3
DA:24,8
DA:25,8
DA:26,3
DA:27,3
DA:28,3
DA:29,8
DA:30,8
DA:31,3
DA:32,3
LF:32
LH:32
BRDA:22,0,0,3
BRDA:23,1,0,8
BRDA:28,2,0,8
BRF:3
BRH:3
end_of_record
